<?xml version="1.0" encoding="UTF-8"?>
<!-- Generated by org.testng.reporters.JUnitXMLReporter -->
<testsuite ignored="0" hostname="LAPTOP-0G4AGPL8" failures="2" tests="2" name="Test" time="12.515" errors="0" timestamp="2020-11-29T18:06:11 EST">
  <testcase classname="sampleTestNG.SampleTest" name="verifyHomepageTitle" time="12.404">
    <failure type="org.openqa.selenium.SessionNotCreatedException" message="session not created
from chrome not reachable
  (Session info: chrome=87.0.4280.66)
Build info: version: &amp;apos;3.141.59&amp;apos;, revision: &amp;apos;e82be7d358&amp;apos;, time: &amp;apos;2018-11-14T08:17:03&amp;apos;
System info: host: &amp;apos;LAPTOP-0G4AGPL8&amp;apos;, ip: &amp;apos;192.168.1.11&amp;apos;, os.name: &amp;apos;Windows 10&amp;apos;, os.arch: &amp;apos;amd64&amp;apos;, os.version: &amp;apos;10.0&amp;apos;, java.version: &amp;apos;15.0.1&amp;apos;
Driver info: driver.version: ChromeDriver
remote stacktrace: Backtrace:
	Ordinal0 [0x00DBECE3+3337443]
	Ordinal0 [0x00C9F041+2158657]
	Ordinal0 [0x00B26E50+618064]
	Ordinal0 [0x00B1D114+577812]
	Ordinal0 [0x00B1D7DB+579547]
	Ordinal0 [0x00B1EA45+584261]
	Ordinal0 [0x00B19A71+563825]
	Ordinal0 [0x00B27FD0+622544]
	Ordinal0 [0x00AC6B2D+224045]
	Ordinal0 [0x00AC5BFC+220156]
	Ordinal0 [0x00AC181B+202779]
	Ordinal0 [0x00AA3D74+81268]
	Ordinal0 [0x00AA4D6E+85358]
	Ordinal0 [0x00AA4CF9+85241]
	Ordinal0 [0x00CB6F2C+2256684]
	GetHandleVerifier [0x00F42FAC+1478332]
	GetHandleVerifier [0x00F42AFD+1477133]
	GetHandleVerifier [0x00F4AAD8+1509864]
	GetHandleVerifier [0x00F4369E+1480110]
	Ordinal0 [0x00CAD6BD+2217661]
	Ordinal0 [0x00CB89AB+2263467]
	Ordinal0 [0x00CB8AEF+2263791]
	Ordinal0 [0x00CCD363+2347875]
	BaseThreadInitThunk [0x76AC6359+25]
	RtlGetAppContainerNamedObjectPath [0x771A8944+228]
	RtlGetAppContainerNamedObjectPath [0x771A8914+180]
">
      <![CDATA[org.openqa.selenium.SessionNotCreatedException: session not created
from chrome not reachable
  (Session info: chrome=87.0.4280.66)
Build info: version: '3.141.59', revision: 'e82be7d358', time: '2018-11-14T08:17:03'
System info: host: 'LAPTOP-0G4AGPL8', ip: '192.168.1.11', os.name: 'Windows 10', os.arch: 'amd64', os.version: '10.0', java.version: '15.0.1'
Driver info: driver.version: ChromeDriver
remote stacktrace: Backtrace:
Ordinal0 [0x00DBECE3+3337443]
Ordinal0 [0x00C9F041+2158657]
Ordinal0 [0x00B26E50+618064]
Ordinal0 [0x00B1D114+577812]
Ordinal0 [0x00B1D7DB+579547]
Ordinal0 [0x00B1EA45+584261]
Ordinal0 [0x00B19A71+563825]
Ordinal0 [0x00B27FD0+622544]
Ordinal0 [0x00AC6B2D+224045]
Ordinal0 [0x00AC5BFC+220156]
Ordinal0 [0x00AC181B+202779]
Ordinal0 [0x00AA3D74+81268]
Ordinal0 [0x00AA4D6E+85358]
Ordinal0 [0x00AA4CF9+85241]
Ordinal0 [0x00CB6F2C+2256684]
GetHandleVerifier [0x00F42FAC+1478332]
GetHandleVerifier [0x00F42AFD+1477133]
GetHandleVerifier [0x00F4AAD8+1509864]
GetHandleVerifier [0x00F4369E+1480110]
Ordinal0 [0x00CAD6BD+2217661]
Ordinal0 [0x00CB89AB+2263467]
Ordinal0 [0x00CB8AEF+2263791]
Ordinal0 [0x00CCD363+2347875]
BaseThreadInitThunk [0x76AC6359+25]
RtlGetAppContainerNamedObjectPath [0x771A8944+228]
RtlGetAppContainerNamedObjectPath [0x771A8914+180]

at org.openqa.selenium.remote.W3CHandshakeResponse.lambda$errorHandler$0(W3CHandshakeResponse.java:62)
at org.openqa.selenium.remote.HandshakeResponse.lambda$getResponseFunction$0(HandshakeResponse.java:30)
at org.openqa.selenium.remote.ProtocolHandshake.lambda$createSession$0(ProtocolHandshake.java:126)
at java.base/java.util.stream.ReferencePipeline$3$1.accept(ReferencePipeline.java:195)
at java.base/java.util.Spliterators$ArraySpliterator.tryAdvance(Spliterators.java:958)
at java.base/java.util.stream.ReferencePipeline.forEachWithCancel(ReferencePipeline.java:127)
at java.base/java.util.stream.AbstractPipeline.copyIntoWithCancel(AbstractPipeline.java:502)
at java.base/java.util.stream.AbstractPipeline.copyInto(AbstractPipeline.java:488)
at java.base/java.util.stream.AbstractPipeline.wrapAndCopyInto(AbstractPipeline.java:474)
at java.base/java.util.stream.FindOps$FindOp.evaluateSequential(FindOps.java:150)
at java.base/java.util.stream.AbstractPipeline.evaluate(AbstractPipeline.java:234)
at java.base/java.util.stream.ReferencePipeline.findFirst(ReferencePipeline.java:543)
at org.openqa.selenium.remote.ProtocolHandshake.createSession(ProtocolHandshake.java:128)
at org.openqa.selenium.remote.ProtocolHandshake.createSession(ProtocolHandshake.java:74)
at org.openqa.selenium.remote.HttpCommandExecutor.execute(HttpCommandExecutor.java:136)
at org.openqa.selenium.remote.service.DriverCommandExecutor.execute(DriverCommandExecutor.java:83)
at org.openqa.selenium.remote.RemoteWebDriver.execute(RemoteWebDriver.java:552)
at org.openqa.selenium.remote.RemoteWebDriver.startSession(RemoteWebDriver.java:213)
at org.openqa.selenium.remote.RemoteWebDriver.<init>(RemoteWebDriver.java:131)
at org.openqa.selenium.chrome.ChromeDriver.<init>(ChromeDriver.java:181)
at org.openqa.selenium.chrome.ChromeDriver.<init>(ChromeDriver.java:168)
at org.openqa.selenium.chrome.ChromeDriver.<init>(ChromeDriver.java:123)
at sampleTestNG.SampleTest.verifyHomepageTitle(SampleTest.java:24)
at java.base/java.util.ArrayList.forEach(ArrayList.java:1511)
... Removed 32 stack frames]]>
    </failure>
  </testcase> <!-- verifyHomepageTitle -->
  <testcase classname="sampleTestNG.SampleTest" name="verifylink" time="0.011">
    <failure type="java.lang.NullPointerException" message="Cannot invoke &amp;quot;org.openqa.selenium.WebDriver.findElement(org.openqa.selenium.By)&amp;quot; because &amp;quot;this.driver&amp;quot; is null">
      <![CDATA[java.lang.NullPointerException: Cannot invoke "org.openqa.selenium.WebDriver.findElement(org.openqa.selenium.By)" because "this.driver" is null
at sampleTestNG.SampleTest.verifylink(SampleTest.java:37)
at java.base/java.util.ArrayList.forEach(ArrayList.java:1511)
... Removed 27 stack frames]]>
    </failure>
  </testcase> <!-- verifylink -->
</testsuite> <!-- Test -->
